C51 COMPILER V9.60.0.0   DIGLED                                                            06/14/2023 21:15:01 PAGE 1   


C51 COMPILER V9.60.0.0, COMPILATION OF MODULE DIGLED
OBJECT MODULE PLACED IN .\Objects\DigLED.obj
COMPILER INVOKED BY: D:\Keil\C51\BIN\C51.EXE User\DigLED.c OPTIMIZE(8,SPEED) BROWSE INCDIR(.\User;.\Drivers;.\STC8Ax_LIB
                    -\Core\Startup;.\STC8Ax_LIB\inc;.\STC8Ax_LIB\Core) DEBUG OBJECTEXTEND PRINT(.\Listings\DigLED.lst) OBJECT(.\Objects\DigLE
                    -D.obj)

line level    source

   1          /*-------------------------------------------------------------------
   2          /*      (C) Copyright 2021-2022, nbufe. All Rights Reserved
   3          /*-------------------------------------------------------------------
   4          /* File name   : DLED.c
   5          /* Description :
   6          /* Author      : nbufe
   7          /*-------------------------------------------------------------------
   8          /* Update note:
   9          /* ---------   -----------   ----------------------------------------
  10          /*   Date        Author                       Note
  11          /* ---------   -----------   ----------------------------------------
  12          /*
  13          /*
  14          **/
  15          
  16          /* 包含头文件 -------------------------------------------------------*/
  17          #include "DigLED.h"
  18          #include "STC8Ax_Delay.h"
  19          
  20          /* 私有类型定义 -----------------------------------------------------*/
  21          /* None. */
  22          
  23          /* 私有宏定义 -------------------------------------------------------*/
  24          code const uint8_t DigDisplay_table[] = // 标准字库
  25          {
  26          //   0     1     2     3     4    5     6     7     8     9     o     C
  27              0xFC, 0x60, 0xDA, 0xF2, 0x66,0xB6, 0xBE, 0xE0, 0xFE, 0xF6, 0xC6, 0x9C
  28          };
  29          
  30          #define DigShow_PORT    P1
  31          #define DigShow_COM     P2
  32          
  33          /* 私有变量 ---------------------------------------------------------*/
  34          unsigned char DisplayBuf[4] = { 0 };
  35          unsigned char Display_index = 0;//动态扫描数码管的步骤变量
  36          
  37          /* 扩展变量 ---------------------------------------------------------*/
  38          /* None. */
  39          
  40          /* 私有函数原形 -----------------------------------------------------*/
  41          /* None. */
  42          
  43          /* 函数体 -----------------------------------------------------------*/
  44          /*
  45           * 功能: 驱动数码管的动态扫描程序
  46           * 参数: None
  47           * 返回: None
  48           * 说明: 
  49           */
  50          void DigLED_Display()
  51          {
  52   1          DigShow_COM = 0xFF;
  53   1          DigShow_PORT = DisplayBuf[Display_index];
C51 COMPILER V9.60.0.0   DIGLED                                                            06/14/2023 21:15:01 PAGE 2   

  54   1              DigShow_COM = _crol_(0xFE, Display_index);
  55   1          if (++Display_index > 3)
  56   1                      Display_index = 0;    //1位结束
  57   1      }
  58          
  59          /*
  60           * 功能: 在指定位显示数值
  61           * 参数: index 位序
  62           *       number 显示值
  63           *       dot 小数点 1：显示  0：不显示
  64           * 返回: None
  65           * 说明: 
  66           */
  67          void DisplayLoad(unsigned char index, unsigned char number, unsigned char dot)
  68          {
  69   1          DisplayBuf[index] = DigDisplay_table[number] | ( dot ? 0x01 : 0 ) ;         //小数点为第7位
  70   1      }
  71          
  72          /*>>>>>>>>>> (C) COPYRIGHT NBUFE <<<<<< >>>>>> END OF FILE <<<<<<<<<<*/


MODULE INFORMATION:   STATIC OVERLAYABLE
   CODE SIZE        =     66    ----
   CONSTANT SIZE    =     12    ----
   XDATA SIZE       =   ----    ----
   PDATA SIZE       =   ----    ----
   DATA SIZE        =      5    ----
   IDATA SIZE       =   ----    ----
   BIT SIZE         =   ----    ----
END OF MODULE INFORMATION.


C51 COMPILATION COMPLETE.  0 WARNING(S),  0 ERROR(S)
