C51 COMPILER V9.60.0.0   KEYSCAN                                                           06/14/2023 21:15:01 PAGE 1   


C51 COMPILER V9.60.0.0, COMPILATION OF MODULE KEYSCAN
OBJECT MODULE PLACED IN .\Objects\KeyScan.obj
COMPILER INVOKED BY: D:\Keil\C51\BIN\C51.EXE User\KeyScan.c OPTIMIZE(8,SPEED) BROWSE INCDIR(.\User;.\Drivers;.\STC8Ax_LI
                    -B\Core\Startup;.\STC8Ax_LIB\inc;.\STC8Ax_LIB\Core) DEBUG OBJECTEXTEND PRINT(.\Listings\KeyScan.lst) OBJECT(.\Objects\Key
                    -Scan.obj)

line level    source

   1          /* ---------------------------------- 包含头文件 --------------------------------- */
   2          #include "KeyScan.h"
   3          
   4          /* ---------------------------------- 私有宏定义 --------------------------------- */
   5          #define KEY_TIME 20 // 按键去抖时间
   6          
   7          /* ---------------------------------- 扩展变量 ---------------------------------- */
   8          uint8 flag = 0;
   9          
  10          /* ---------------------------------- 私有变量 ---------------------------------- */
  11          uint8 keysign1 = 0; // 按键状态初始化
  12          
  13          uint8 keyt1 = 0; // 按键去抖计时
  14          
  15          /* ----------------------------------- 函数 ----------------------------------- */
  16          /**
  17           * @brief 按键扫描
  18           * @param none
  19           * @note 改变Keysign的值
  20          */
  21          void KeyScan()
  22          {
  23   1          if (key_sr1 == 1) // k1没被按下
  24   1          {
  25   2              keysign1 = 0; // 按键1标志
  26   2              keyt1 = 0;
  27   2          }
  28   1          else if (keysign1 == 0) // k1被按下且标志为0
  29   1          {
  30   2              keyt1++;
  31   2              if (keyt1 >= KEY_TIME) // 按键去抖
  32   2              {
  33   3                  keyt1 = 0;
  34   3                  keysign1 = 1; // 清除标志以防再次进入
  35   3                  flag = !flag;
  36   3              }
  37   2          }
  38   1      }


MODULE INFORMATION:   STATIC OVERLAYABLE
   CODE SIZE        =     45    ----
   CONSTANT SIZE    =   ----    ----
   XDATA SIZE       =   ----    ----
   PDATA SIZE       =   ----    ----
   DATA SIZE        =      3    ----
   IDATA SIZE       =   ----    ----
   BIT SIZE         =   ----    ----
END OF MODULE INFORMATION.


C51 COMPILATION COMPLETE.  0 WARNING(S),  0 ERROR(S)
