C51 COMPILER V9.60.0.0   LCD1602                                                           06/08/2023 18:51:09 PAGE 1   


C51 COMPILER V9.60.0.0, COMPILATION OF MODULE LCD1602
OBJECT MODULE PLACED IN .\Objects\LCD1602.obj
COMPILER INVOKED BY: D:\Keil\C51\BIN\C51.EXE Drivers\LCD1602\LCD1602.c OPTIMIZE(8,SPEED) BROWSE INCDIR(.\User;.\Drivers;
                    -.\STC8Ax_LIB\Core\Startup;.\STC8Ax_LIB\inc;.\STC8Ax_LIB\Core) DEBUG OBJECTEXTEND PRINT(.\Listings\LCD1602.lst) OBJECT(.\
                    -Objects\LCD1602.obj)

line level    source

   1          /*-------------------------------------------------------------------
   2          /*      (C) Copyright 2021-2022, nbufe. All Rights Reserved
   3          /*-------------------------------------------------------------------
   4          /* File name   : LCD1602.c
   5          /* Description :
   6          /* Author      : nbufe
   7          /*-------------------------------------------------------------------
   8          /* Update note:
   9          /* ---------   -----------   ----------------------------------------
  10          /*   Date        Author                       Note
  11          /* ---------   -----------   ----------------------------------------
  12          /*
  13          /*
  14          **/
  15          
  16          /* 包含头文件 -------------------------------------------------------*/
  17          #include"lcd1602.h"
  18          #include ".\LED\led.h"
  19          
  20          /* 私有类型定义 -----------------------------------------------------*/
  21          /* None. */
  22          
  23          /* 私有宏定义 -------------------------------------------------------*/
  24          /* None. */
  25          
  26          /* 私有变量 ---------------------------------------------------------*/
  27          /* None. */
  28          
  29          /* 扩展变量 ---------------------------------------------------------*/
  30          /* None. */
  31          
  32          /* 私有函数原形 -----------------------------------------------------*/
  33          static void LCD1602_WriteCmd(uint8_t cmd);
  34          static void LCD1602_WriteData(uint8_t dat);
  35          static void LCD1602_SetCursor(uint8_t x, uint8_t y);
  36          
  37          /* 函数体 -----------------------------------------------------------*/
  38          /*
  39          /*
  40           * 功能: LCD1602 忙检测函数
  41           * 参数: None
  42           * 返回: None
  43           * 说明: 判断bit7是0，允许执行；1禁止
  44           */
  45          void LCD1602_ReadBusy()
  46          {
  47   1          uint8_t sta; 
  48   1          LCD1602_DB = 0xff;
  49   1          LCD1602_RS = 0;
  50   1          LCD1602_RW = 1;
  51   1          do
  52   1          {
  53   2              LCD1602_EN = 1;
C51 COMPILER V9.60.0.0   LCD1602                                                           06/08/2023 18:51:09 PAGE 2   

  54   2              sta = LCD1602_DB;
  55   2              LCD1602_EN = 0;    //使能，用完就拉低，释放总线
  56   2          }
  57   1          while(sta & 0x80);
  58   1      }
  59          
  60          /*
  61           * 功能: LCD1602 写命令函数
  62           * 参数: None
  63           * 返回: None
  64           * 说明: None
  65           */
  66          void LCD1602_WriteCmd(uint8_t cmd)
  67          {
  68   1          LCD1602_ReadBusy();
  69   1          LCD1602_RS = 0;
  70   1          LCD1602_RW = 0;
  71   1          LCD1602_DB = cmd;
  72   1          LCD1602_EN = 1;
  73   1          LCD1602_EN = 0;
  74   1      }
  75          
  76          /*
  77           * 功能: LCD1602 写数据函数
  78           * 参数: None
  79           * 返回: None
  80           * 说明: None
  81           */
  82          void LCD1602_WriteData(uint8_t dat)
  83          {
  84   1          LCD1602_ReadBusy();
  85   1          LCD1602_RS = 1;
  86   1          LCD1602_RW = 0;
  87   1          LCD1602_DB = dat;
  88   1          LCD1602_EN = 1;
  89   1          LCD1602_EN = 0;
  90   1      }
  91          
  92          /*
  93           * 功能: LCD1602 坐标显示函数
  94           * 参数: None
  95           * 返回: None
  96           * 说明: None
  97           */
  98          void LCD1602_SetCursor(uint8_t x, uint8_t y)
  99          {
 100   1          uint8_t addr;
 101   1          if(y == 0)
 102   1              addr = 0x00 + x;
 103   1          else
 104   1              addr = 0x40 + x;
 105   1      
 106   1          LCD1602_WriteCmd(addr | 0x80);
 107   1      }
 108          
 109          /*
 110           * 功能: LCD1602 按指定位置显示一个字符函数
 111           * 参数: None
 112           * 返回: None
 113           * 说明: None
 114           */
 115          void LCD1602_DisplayChar(uint8_t x, uint8_t y, uint8_t dat)
C51 COMPILER V9.60.0.0   LCD1602                                                           06/08/2023 18:51:09 PAGE 3   

 116          {
 117   1          y &= 0x1;
 118   1          x &= 0xF;                                                                   //限制x不能大于15，y不能大于1
 119   1          if (y) x |= 0x40;                                   //当要显示第二行时地址码+0x40;
 120   1          x |= 0x80;                                                                  //算出指令码
 121   1          LCD1602_WriteCmd(x);                                //发命令字
 122   1          LCD1602_WriteData(dat);             //发数据
 123   1      }
 124          
 125          /*
 126           * 功能: LCD1602 显示字符串函数
 127           * 参数: None
 128           * 返回: None
 129           * 说明: None
 130           */
 131          void LCD1602_ShowString(uint8_t x, uint8_t y, uint8_t *str)
 132          {
 133   1          LCD1602_SetCursor(x, y);     //当前字符的坐标
 134   1          while(*str != '\0')
 135   1          {
 136   2              LCD1602_WriteData(*str++);
 137   2          }
 138   1      }
 139          
 140          /*
 141           * 功能: LCD1602 初始化函数
 142           * 参数: None
 143           * 返回: None
 144           * 说明: None
 145           */
 146          void LCD1602_Init()
 147          {
 148   1          LCD1602_WriteCmd(0x38);    //打开，5*8,8位数据
 149   1          LCD1602_WriteCmd(0x0c);
 150   1          LCD1602_WriteCmd(0x06);
 151   1          LCD1602_WriteCmd(0x01);    //清屏
 152   1      }
 153          
 154          /*>>>>>>>>>> (C) COPYRIGHT NBUFE <<<<<< >>>>>> END OF FILE <<<<<<<<<<*/


MODULE INFORMATION:   STATIC OVERLAYABLE
   CODE SIZE        =    157    ----
   CONSTANT SIZE    =   ----    ----
   XDATA SIZE       =   ----    ----
   PDATA SIZE       =   ----    ----
   DATA SIZE        =   ----       3
   IDATA SIZE       =   ----    ----
   BIT SIZE         =   ----    ----
END OF MODULE INFORMATION.


C51 COMPILATION COMPLETE.  0 WARNING(S),  0 ERROR(S)
