C51 COMPILER V9.60.0.0   MAIN                                                              06/14/2023 21:15:00 PAGE 1   


C51 COMPILER V9.60.0.0, COMPILATION OF MODULE MAIN
OBJECT MODULE PLACED IN .\Objects\main.obj
COMPILER INVOKED BY: D:\Keil\C51\BIN\C51.EXE User\main.c OPTIMIZE(8,SPEED) BROWSE INCDIR(.\User;.\Drivers;.\STC8Ax_LIB\C
                    -ore\Startup;.\STC8Ax_LIB\inc;.\STC8Ax_LIB\Core) DEBUG OBJECTEXTEND PRINT(.\Listings\main.lst) OBJECT(.\Objects\main.obj)

line level    source

   1          /*-------------------------------------------------------------------
   2          /*      (C) Copyright 2021-2022, nbufe. All Rights Reserved
   3          /*-------------------------------------------------------------------
   4          /* File name   : main.c
   5          /* Description :
   6          /* Author      : nbufe
   7          /*-------------------------------------------------------------------
   8          /* Update note:
   9          /* ---------   -----------   ----------------------------------------
  10          /*   Date        Author                       Note
  11          /* ---------   -----------   ----------------------------------------
  12          /*
  13          /*
  14          **/
  15          
  16          /* 包含头文件 -------------------------------------------------------*/
  17          #include "main.h"
  18          
  19          /* 私有类型定义 -----------------------------------------------------*/
  20          /* None. */
  21          
  22          /* 私有宏定义 -------------------------------------------------------*/
  23          /* None. */
  24          
  25          /* 私有变量 ---------------------------------------------------------*/
  26          uint8 i = 0;
  27          
  28          /* 扩展变量 ---------------------------------------------------------*/
  29          /* None. */
  30          
  31          /* 私有函数原形 -----------------------------------------------------*/
  32          /* None. */
  33          
  34          /* 函数体 -----------------------------------------------------------*/
  35          /*
  36           * 功能: 主函数
  37           * 参数: None
  38           * 返回: None
  39           * 说明: None
  40           */
  41          void main()
  42          {
  43   1          System_Init();
  44   1          Delay_ms(500);
  45   1          Peripheral_Init();
  46   1          while(1)
  47   1          {
  48   2                      Sampl();
  49   2                      if (++i % 10 == 0)
  50   2                      {
  51   3                              // 设置数码管显示
  52   3                              if (flag)
  53   3                              {
  54   4                                      DisplayLoad(3, voltage / 10000 % 10, 0);
C51 COMPILER V9.60.0.0   MAIN                                                              06/14/2023 21:15:00 PAGE 2   

  55   4                                      DisplayLoad(2, voltage / 1000 % 10, 1);
  56   4                                      DisplayLoad(1, voltage / 100 % 10, 0);
  57   4                                      DisplayLoad(0, voltage / 10 % 10, 0);
  58   4                                      printf("voltage=%.3fV", voltage / 1000.0);
  59   4                              }
  60   3                              else
  61   3                              {
  62   4                                      DisplayLoad(3, tmp / 10 % 10, 0);
  63   4                                      DisplayLoad(2, tmp % 10, 0);
  64   4                                      DisplayLoad(1, 10, 0);
  65   4                                      DisplayLoad(0, 11, 0);
  66   4                                      printf("tmp=%d℃", tmp);
  67   4                              }
  68   3                      }
  69   2                      Delay_ms(50);
  70   2          }
  71   1      }
  72          
  73          
  74          
  75          /*>>>>>>>>>> (C) COPYRIGHT NBUFE <<<<<< >>>>>> END OF FILE <<<<<<<<<<*/


MODULE INFORMATION:   STATIC OVERLAYABLE
   CODE SIZE        =    310    ----
   CONSTANT SIZE    =     23    ----
   XDATA SIZE       =   ----    ----
   PDATA SIZE       =   ----    ----
   DATA SIZE        =      1    ----
   IDATA SIZE       =   ----    ----
   BIT SIZE         =   ----    ----
END OF MODULE INFORMATION.


C51 COMPILATION COMPLETE.  0 WARNING(S),  0 ERROR(S)
