C51 COMPILER V9.60.0.0   UART_PRINTF                                                       06/14/2023 10:49:17 PAGE 1   


C51 COMPILER V9.60.0.0, COMPILATION OF MODULE UART_PRINTF
OBJECT MODULE PLACED IN .\Objects\uart_printf.obj
COMPILER INVOKED BY: D:\Keil\C51\BIN\C51.EXE User\uart_printf.c OPTIMIZE(8,SPEED) BROWSE INCDIR(.\User;.\Drivers;.\STC8A
                    -x_LIB\Core\Startup;.\STC8Ax_LIB\inc;.\STC8Ax_LIB\Core) DEBUG OBJECTEXTEND PRINT(.\Listings\uart_printf.lst) OBJECT(.\Obj
                    -ects\uart_printf.obj)

line level    source

   1          /*-------------------------------------------------------------------
   2          /*      (C) Copyright 2021-2022, nbufe. All Rights Reserved 
   3          /*-------------------------------------------------------------------
   4          /* File name   : mcu_id.c
   5          /* Description : 
   6          /* Author      : nbufe
   7          /*-------------------------------------------------------------------
   8          /* 芯片型号:STC8A8K64D4
   9          /* 钟说明:单片机片内高速24MHz时钟 波特率说明:9600b/s
  10          /* Update note:
  11          /* ---------   -----------   ----------------------------------------
  12          /*   Date        Author                       Note
  13          /* ---------   -----------   ----------------------------------------
  14          /*  
  15          /*
  16          **/
  17          
  18          /* 包含头文件 -------------------------------------------------------*/
  19          #include "uart_printf.h"   
  20          
  21          /* 私有类型定义 -----------------------------------------------------*/
  22          /* None. */
  23          
  24          /* 私有宏定义 -------------------------------------------------------*/
  25          #define  SYSCLK    (24000000UL)                                                 //系统时钟频率值
  26          #define  BAUDSET   (65536 - SYSCLK/9600/4)    //波特率设定与计算
  27          
  28          /* 私有变量 ---------------------------------------------------------*/
  29          /* None. */
  30          
  31          /* 扩展变量 ---------------------------------------------------------*/
  32          /* None. */
  33          
  34          /* 私有函数原形 -----------------------------------------------------*/
  35          void UART1_Init(void);                       //串口1初始化函数
  36          void UART1_SendByte(uint8_t byte);           //串口1发送单字符数据函数
  37          void UART1_SendString(const uint8_t *str);       //串口1发送字符串数据函数
  38          char putchar(char ch);                           //发送字符重定向函数
  39          
  40          /* 函数体 -----------------------------------------------------------*/
  41          
  42          /*
  43          在使用单片机开发过程中，很多情况下都希望能够通过串口输出一些调试信息。
  44          二种串口输出各种格式数据的方法：
  45          一.自己完全编程串口函数，进行格式化各种可能要使用的数据；
  46          二.比较简单的方法是使用库中的printf函数，这种方法虽然比较占用资源，但在很多情况下比较简单实用。
  47          在使用printf函数之前需要注意亮点，一是调用头文件stdio.h，二是重定义putchar发送单个字符函数。
  48          */
  49          /*
  50           * 功能：printf函数在格式化输出
  51           * 参数：str 要发送的字符串地址。
  52           * 返回：None.
  53          */
C51 COMPILER V9.60.0.0   UART_PRINTF                                                       06/14/2023 10:49:17 PAGE 2   

  54          char putchar(char ch)   //发送字符重定向函数
  55          {
  56   1          UART1_SendByte(ch); //通过串口1发送数据
  57   1          return ch;
  58   1      }
  59          
  60          /*
  61           * 功能: 读取单片机ID号
  62           * 参数: None
  63           * 返回: None
  64           * 说明: None
  65           */
  66          void Printf_Msg(void)
  67          {
  68   1              ;
  69   1      }
  70          
  71          /*
  72           * 功能: 串口1初始化函数
  73           * 参数: None
  74          */
  75          void UART1_Init(void)           //9600bps@24.000MHz
  76          {
  77   1          SCON = 0x50;                //8位数据,可变波特率
  78   1          AUXR |= 0x04;               //定时器时钟1T模式
  79   1          AUXR |= 0x01;               //串口1选择定时器2为波特率发生器
  80   1          T2L = BAUDSET;              //设置定时初始值
  81   1          T2H = BAUDSET >> 8;         //设置定时初始值
  82   1          AUXR |= 0x10;               //定时器1开始计时
  83   1          RI = 0;
  84   1          TI = 0;                             //清除接收数据标志位和发送数据标志位
  85   1      }
  86          
  87          /**
  88           * 功能：串口发送一个字节函数，
  89           * 参数：byte 要发送的字节数据。
  90          */
  91          void UART1_SendByte(uint8_t byte)
  92          {
  93   1          SBUF = byte;
  94   1          while(!TI);
  95   1          TI = 0;
  96   1      }
  97          
  98          /**
  99           * 功能：串口发送字符串函数
 100           * 参数：str 要发送的字符串地址
 101          */
 102          void UART1_SendString(const uint8_t *str)
 103          {
 104   1          while(*str != '\0')
 105   1          {
 106   2              UART1_SendByte(*(str++));
 107   2          }
 108   1      }
 109          
 110          /*>>>>>>>>>> (C) COPYRIGHT NBUFE <<<<<< >>>>>> END OF FILE <<<<<<<<<<*/


MODULE INFORMATION:   STATIC OVERLAYABLE
   CODE SIZE        =     77    ----
   CONSTANT SIZE    =   ----    ----
C51 COMPILER V9.60.0.0   UART_PRINTF                                                       06/14/2023 10:49:17 PAGE 3   

   XDATA SIZE       =   ----    ----
   PDATA SIZE       =   ----    ----
   DATA SIZE        =   ----       4
   IDATA SIZE       =   ----    ----
   BIT SIZE         =   ----    ----
END OF MODULE INFORMATION.


C51 COMPILATION COMPLETE.  0 WARNING(S),  0 ERROR(S)
